<?xml version="1.0" encoding="UTF-8"?>
<!-- Generated by org.testng.reporters.JUnitXMLReporter -->
<testsuite ignored="0" hostname="LAPTOP-EAR3PB4M" failures="1" tests="1" name="UI Tests" time="21.814" errors="0" timestamp="2025-12-12T21:58:19 EET">
  <testcase classname="com.insider.qa.tests.InsiderUiTest" name="should_list_qa_jobs_after_applying_filters" time="16.657">
    <failure type="org.openqa.selenium.ElementClickInterceptedException" message="element click intercepted: Element &amp;lt;a href=&amp;quot;https://jobs.lever.co/insiderone/6778b2f8-a110-4e9f-874f-bf66c8ea3b75&amp;quot; class=&amp;quot;btn btn-navy rounded pt-2 pr-5 pb-2 pl-5&amp;quot; target=&amp;quot;_blank&amp;quot;&amp;gt;...&amp;lt;/a&amp;gt; is not clickable at point (1074, 514). Other element would receive the click: &amp;lt;h5 role=&amp;quot;heading&amp;quot; aria-level=&amp;quot;5&amp;quot; tabindex=&amp;quot;0&amp;quot; id=&amp;quot;wt-cli-cookie-banner-title&amp;quot; style=&amp;quot;display:block; background-color:rgba(0, 0, 0, 0); border-color:rgb(38, 26, 40); color:rgb(38, 26, 40); font-family:var(--Font-Family-Sans-Serif, Figtree); font-size:var(--Font-Font-Size-L, 20px); font-style:normal; font-weight:var(--Font-Font-Weight-Semi-Bold, 600); line-height:var(--Font-Line-Height-XL, 28px); letter-spacing:var(--Font-Letter-Spacing-M, 0.2px);&amp;quot;&amp;gt;...&amp;lt;/h5&amp;gt;
  (Session info: chrome=143.0.7499.110)
Build info: version: &amp;apos;4.25.0&amp;apos;, revision: &amp;apos;8a8aea2337&amp;apos;
System info: os.name: &amp;apos;Windows 11&amp;apos;, os.arch: &amp;apos;amd64&amp;apos;, os.version: &amp;apos;10.0&amp;apos;, java.version: &amp;apos;11.0.28&amp;apos;
Driver info: org.openqa.selenium.chrome.ChromeDriver
Command: [e13f5576aea32a9786797fb0c6f2805f, clickElement {id=f.3444A89BB3C7E6A3C89A7F3774CAFEF0.d.AA5830E79ADE46E242232A25E8C46C00.e.305}]
Capabilities {acceptInsecureCerts: false, browserName: chrome, browserVersion: 143.0.7499.110, chrome: {chromedriverVersion: 143.0.7499.42 (24bdc8c48a0c..., userDataDir: C:\Users\asusd\AppData\Loca...}, fedcm:accounts: true, goog:chromeOptions: {debuggerAddress: localhost:49712}, goog:processID: 13756, networkConnectionEnabled: false, pageLoadStrategy: normal, platformName: windows, proxy: Proxy(), se:cdp: ws://localhost:49712/devtoo..., se:cdpVersion: 143.0.7499.110, setWindowRect: true, strictFileInteractability: false, timeouts: {implicit: 0, pageLoad: 300000, script: 30000}, unhandledPromptBehavior: dismiss and notify, webauthn:extension:credBlob: true, webauthn:extension:largeBlob: true, webauthn:extension:minPinLength: true, webauthn:extension:prf: true, webauthn:virtualAuthenticators: true}
Element: [[[[ChromeDriver: chrome on windows (e13f5576aea32a9786797fb0c6f2805f)] -&amp;gt; css selector: .position-list-item]] -&amp;gt; xpath: .//a[contains(.,&amp;apos;View Role&amp;apos;)]]
Session ID: e13f5576aea32a9786797fb0c6f2805f">
      <![CDATA[org.openqa.selenium.ElementClickInterceptedException: element click intercepted: Element <a href="https://jobs.lever.co/insiderone/6778b2f8-a110-4e9f-874f-bf66c8ea3b75" class="btn btn-navy rounded pt-2 pr-5 pb-2 pl-5" target="_blank">...</a> is not clickable at point (1074, 514). Other element would receive the click: <h5 role="heading" aria-level="5" tabindex="0" id="wt-cli-cookie-banner-title" style="display:block; background-color:rgba(0, 0, 0, 0); border-color:rgb(38, 26, 40); color:rgb(38, 26, 40); font-family:var(--Font-Family-Sans-Serif, Figtree); font-size:var(--Font-Font-Size-L, 20px); font-style:normal; font-weight:var(--Font-Font-Weight-Semi-Bold, 600); line-height:var(--Font-Line-Height-XL, 28px); letter-spacing:var(--Font-Letter-Spacing-M, 0.2px);">...</h5>
  (Session info: chrome=143.0.7499.110)
Build info: version: '4.25.0', revision: '8a8aea2337'
System info: os.name: 'Windows 11', os.arch: 'amd64', os.version: '10.0', java.version: '11.0.28'
Driver info: org.openqa.selenium.chrome.ChromeDriver
Command: [e13f5576aea32a9786797fb0c6f2805f, clickElement {id=f.3444A89BB3C7E6A3C89A7F3774CAFEF0.d.AA5830E79ADE46E242232A25E8C46C00.e.305}]
Capabilities {acceptInsecureCerts: false, browserName: chrome, browserVersion: 143.0.7499.110, chrome: {chromedriverVersion: 143.0.7499.42 (24bdc8c48a0c..., userDataDir: C:\Users\asusd\AppData\Loca...}, fedcm:accounts: true, goog:chromeOptions: {debuggerAddress: localhost:49712}, goog:processID: 13756, networkConnectionEnabled: false, pageLoadStrategy: normal, platformName: windows, proxy: Proxy(), se:cdp: ws://localhost:49712/devtoo..., se:cdpVersion: 143.0.7499.110, setWindowRect: true, strictFileInteractability: false, timeouts: {implicit: 0, pageLoad: 300000, script: 30000}, unhandledPromptBehavior: dismiss and notify, webauthn:extension:credBlob: true, webauthn:extension:largeBlob: true, webauthn:extension:minPinLength: true, webauthn:extension:prf: true, webauthn:virtualAuthenticators: true}
Element: [[[[ChromeDriver: chrome on windows (e13f5576aea32a9786797fb0c6f2805f)] -> css selector: .position-list-item]] -> xpath: .//a[contains(.,'View Role')]]
Session ID: e13f5576aea32a9786797fb0c6f2805f
at org.openqa.selenium.remote.ErrorCodec.decode(ErrorCodec.java:167)
at org.openqa.selenium.remote.codec.w3c.W3CHttpResponseCodec.decode(W3CHttpResponseCodec.java:138)
at org.openqa.selenium.remote.codec.w3c.W3CHttpResponseCodec.decode(W3CHttpResponseCodec.java:50)
at org.openqa.selenium.remote.HttpCommandExecutor.execute(HttpCommandExecutor.java:190)
at org.openqa.selenium.remote.service.DriverCommandExecutor.invokeExecute(DriverCommandExecutor.java:216)
at org.openqa.selenium.remote.service.DriverCommandExecutor.execute(DriverCommandExecutor.java:174)
at org.openqa.selenium.remote.RemoteWebDriver.execute(RemoteWebDriver.java:545)
at org.openqa.selenium.remote.RemoteWebElement.execute(RemoteWebElement.java:223)
at org.openqa.selenium.remote.RemoteWebElement.click(RemoteWebElement.java:76)
at com.insider.qa.pages.QaJobsPage.clickFirstJobViewRole(QaJobsPage.java:107)
at com.insider.qa.tests.InsiderUiTest.should_list_qa_jobs_after_applying_filters(InsiderUiTest.java:48)
at java.base/java.util.ArrayList.forEach(ArrayList.java:1541)
... Removed 35 stack frames]]>
    </failure>
  </testcase> <!-- should_list_qa_jobs_after_applying_filters -->
</testsuite> <!-- UI Tests -->
