<?xml version="1.0" encoding="UTF-8"?>
<testsuite xmlns:xsi="http://www.w3.org/2001/XMLSchema-instance" xsi:noNamespaceSchemaLocation="https://maven.apache.org/surefire/maven-surefire-plugin/xsd/surefire-test-report-3.0.xsd" version="3.0" name="TestSuite" time="22.352" tests="1" errors="0" skipped="0" failures="1">
  <properties>
[...]
</properties>
  <testcase name="should_list_qa_jobs_after_applying_filters" classname="com.insider.qa.tests.InsiderUiTest" time="16.664">
    <failure message="element click intercepted: Element &lt;a href=&quot;https://jobs.lever.co/insiderone/6778b2f8-a110-4e9f-874f-bf66c8ea3b75&quot; class=&quot;btn btn-navy rounded pt-2 pr-5 pb-2 pl-5&quot; target=&quot;_blank&quot;&gt;...&lt;/a&gt; is not clickable at point (1074, 514). Other element would receive the click: &lt;h5 role=&quot;heading&quot; aria-level=&quot;5&quot; tabindex=&quot;0&quot; id=&quot;wt-cli-cookie-banner-title&quot; style=&quot;display:block; background-color:rgba(0, 0, 0, 0); border-color:rgb(38, 26, 40); color:rgb(38, 26, 40); font-family:var(--Font-Family-Sans-Serif, Figtree); font-size:var(--Font-Font-Size-L, 20px); font-style:normal; font-weight:var(--Font-Font-Weight-Semi-Bold, 600); line-height:var(--Font-Line-Height-XL, 28px); letter-spacing:var(--Font-Letter-Spacing-M, 0.2px);&quot;&gt;...&lt;/h5&gt;&#10;  (Session info: chrome=143.0.7499.110)&#10;Build info: version: &apos;4.25.0&apos;, revision: &apos;8a8aea2337&apos;&#10;System info: os.name: &apos;Windows 11&apos;, os.arch: &apos;amd64&apos;, os.version: &apos;10.0&apos;, java.version: &apos;11.0.28&apos;&#10;Driver info: org.openqa.selenium.chrome.ChromeDriver&#10;Command: [e13f5576aea32a9786797fb0c6f2805f, clickElement {id=f.3444A89BB3C7E6A3C89A7F3774CAFEF0.d.AA5830E79ADE46E242232A25E8C46C00.e.305}]&#10;Capabilities {acceptInsecureCerts: false, browserName: chrome, browserVersion: 143.0.7499.110, chrome: {chromedriverVersion: 143.0.7499.42 (24bdc8c48a0c..., userDataDir: C:\Users\asusd\AppData\Loca...}, fedcm:accounts: true, goog:chromeOptions: {debuggerAddress: localhost:49712}, goog:processID: 13756, networkConnectionEnabled: false, pageLoadStrategy: normal, platformName: windows, proxy: Proxy(), se:cdp: ws://localhost:49712/devtoo..., se:cdpVersion: 143.0.7499.110, setWindowRect: true, strictFileInteractability: false, timeouts: {implicit: 0, pageLoad: 300000, script: 30000}, unhandledPromptBehavior: dismiss and notify, webauthn:extension:credBlob: true, webauthn:extension:largeBlob: true, webauthn:extension:minPinLength: true, webauthn:extension:prf: true, webauthn:virtualAuthenticators: true}&#10;Element: [[[[ChromeDriver: chrome on windows (e13f5576aea32a9786797fb0c6f2805f)] -&gt; css selector: .position-list-item]] -&gt; xpath: .//a[contains(.,&apos;View Role&apos;)]]&#10;Session ID: e13f5576aea32a9786797fb0c6f2805f" type="org.openqa.selenium.ElementClickInterceptedException"><![CDATA[org.openqa.selenium.ElementClickInterceptedException: 
element click intercepted: Element <a href="https://jobs.lever.co/insiderone/6778b2f8-a110-4e9f-874f-bf66c8ea3b75" class="btn btn-navy rounded pt-2 pr-5 pb-2 pl-5" target="_blank">...</a> is not clickable at point (1074, 514). Other element would receive the click: <h5 role="heading" aria-level="5" tabindex="0" id="wt-cli-cookie-banner-title" style="display:block; background-color:rgba(0, 0, 0, 0); border-color:rgb(38, 26, 40); color:rgb(38, 26, 40); font-family:var(--Font-Family-Sans-Serif, Figtree); font-size:var(--Font-Font-Size-L, 20px); font-style:normal; font-weight:var(--Font-Font-Weight-Semi-Bold, 600); line-height:var(--Font-Line-Height-XL, 28px); letter-spacing:var(--Font-Letter-Spacing-M, 0.2px);">...</h5>
  (Session info: chrome=143.0.7499.110)
Build info: version: '4.25.0', revision: '8a8aea2337'
System info: os.name: 'Windows 11', os.arch: 'amd64', os.version: '10.0', java.version: '11.0.28'
Driver info: org.openqa.selenium.chrome.ChromeDriver
Command: [e13f5576aea32a9786797fb0c6f2805f, clickElement {id=f.3444A89BB3C7E6A3C89A7F3774CAFEF0.d.AA5830E79ADE46E242232A25E8C46C00.e.305}]
Capabilities {acceptInsecureCerts: false, browserName: chrome, browserVersion: 143.0.7499.110, chrome: {chromedriverVersion: 143.0.7499.42 (24bdc8c48a0c..., userDataDir: C:\Users\asusd\AppData\Loca...}, fedcm:accounts: true, goog:chromeOptions: {debuggerAddress: localhost:49712}, goog:processID: 13756, networkConnectionEnabled: false, pageLoadStrategy: normal, platformName: windows, proxy: Proxy(), se:cdp: ws://localhost:49712/devtoo..., se:cdpVersion: 143.0.7499.110, setWindowRect: true, strictFileInteractability: false, timeouts: {implicit: 0, pageLoad: 300000, script: 30000}, unhandledPromptBehavior: dismiss and notify, webauthn:extension:credBlob: true, webauthn:extension:largeBlob: true, webauthn:extension:minPinLength: true, webauthn:extension:prf: true, webauthn:virtualAuthenticators: true}
Element: [[[[ChromeDriver: chrome on windows (e13f5576aea32a9786797fb0c6f2805f)] -> css selector: .position-list-item]] -> xpath: .//a[contains(.,'View Role')]]
Session ID: e13f5576aea32a9786797fb0c6f2805f
	at java.base/jdk.internal.reflect.NativeConstructorAccessorImpl.newInstance0(Native Method)
	at java.base/jdk.internal.reflect.NativeConstructorAccessorImpl.newInstance(NativeConstructorAccessorImpl.java:62)
	at java.base/jdk.internal.reflect.DelegatingConstructorAccessorImpl.newInstance(DelegatingConstructorAccessorImpl.java:45)
	at java.base/java.lang.reflect.Constructor.newInstance(Constructor.java:490)
	at org.openqa.selenium.remote.ErrorCodec.decode(ErrorCodec.java:167)
	at org.openqa.selenium.remote.codec.w3c.W3CHttpResponseCodec.decode(W3CHttpResponseCodec.java:138)
	at org.openqa.selenium.remote.codec.w3c.W3CHttpResponseCodec.decode(W3CHttpResponseCodec.java:50)
	at org.openqa.selenium.remote.HttpCommandExecutor.execute(HttpCommandExecutor.java:190)
	at org.openqa.selenium.remote.service.DriverCommandExecutor.invokeExecute(DriverCommandExecutor.java:216)
	at org.openqa.selenium.remote.service.DriverCommandExecutor.execute(DriverCommandExecutor.java:174)
	at org.openqa.selenium.remote.RemoteWebDriver.execute(RemoteWebDriver.java:545)
	at org.openqa.selenium.remote.RemoteWebElement.execute(RemoteWebElement.java:223)
	at org.openqa.selenium.remote.RemoteWebElement.click(RemoteWebElement.java:76)
	at com.insider.qa.pages.QaJobsPage.clickFirstJobViewRole(QaJobsPage.java:107)
	at com.insider.qa.tests.InsiderUiTest.should_list_qa_jobs_after_applying_filters(InsiderUiTest.java:48)
	at java.base/jdk.internal.reflect.NativeMethodAccessorImpl.invoke0(Native Method)
	at java.base/jdk.internal.reflect.NativeMethodAccessorImpl.invoke(NativeMethodAccessorImpl.java:62)
	at java.base/jdk.internal.reflect.DelegatingMethodAccessorImpl.invoke(DelegatingMethodAccessorImpl.java:43)
	at java.base/java.lang.reflect.Method.invoke(Method.java:566)
	at org.testng.internal.invokers.MethodInvocationHelper.invokeMethod(MethodInvocationHelper.java:141)
	at org.testng.internal.invokers.TestInvoker.invokeMethod(TestInvoker.java:686)
	at org.testng.internal.invokers.TestInvoker.invokeTestMethod(TestInvoker.java:230)
	at org.testng.internal.invokers.MethodRunner.runInSequence(MethodRunner.java:63)
	at org.testng.internal.invokers.TestInvoker$MethodInvocationAgent.invoke(TestInvoker.java:992)
	at org.testng.internal.invokers.TestInvoker.invokeTestMethods(TestInvoker.java:203)
	at org.testng.internal.invokers.TestMethodWorker.invokeTestMethods(TestMethodWorker.java:154)
	at org.testng.internal.invokers.TestMethodWorker.run(TestMethodWorker.java:134)
	at java.base/java.util.ArrayList.forEach(ArrayList.java:1541)
	at org.testng.TestRunner.privateRun(TestRunner.java:739)
	at org.testng.TestRunner.run(TestRunner.java:614)
	at org.testng.SuiteRunner.runTest(SuiteRunner.java:421)
	at org.testng.SuiteRunner.runSequentially(SuiteRunner.java:413)
	at org.testng.SuiteRunner.privateRun(SuiteRunner.java:373)
	at org.testng.SuiteRunner.run(SuiteRunner.java:312)
	at org.testng.SuiteRunnerWorker.runSuite(SuiteRunnerWorker.java:52)
	at org.testng.SuiteRunnerWorker.run(SuiteRunnerWorker.java:95)
	at org.testng.TestNG.runSuitesSequentially(TestNG.java:1274)
	at org.testng.TestNG.runSuitesLocally(TestNG.java:1208)
	at org.testng.TestNG.runSuites(TestNG.java:1112)
	at org.testng.TestNG.run(TestNG.java:1079)
	at org.apache.maven.surefire.testng.TestNGExecutor.run(TestNGExecutor.java:308)
	at org.apache.maven.surefire.testng.TestNGXmlTestSuite.execute(TestNGXmlTestSuite.java:71)
	at org.apache.maven.surefire.testng.TestNGProvider.invoke(TestNGProvider.java:113)
	at org.apache.maven.surefire.booter.ForkedBooter.runSuitesInProcess(ForkedBooter.java:385)
	at org.apache.maven.surefire.booter.ForkedBooter.execute(ForkedBooter.java:162)
	at org.apache.maven.surefire.booter.ForkedBooter.run(ForkedBooter.java:507)
	at org.apache.maven.surefire.booter.ForkedBooter.main(ForkedBooter.java:495)
]]></failure>
    <system-err><![CDATA[SLF4J: Failed to load class "org.slf4j.impl.StaticLoggerBinder".
SLF4J: Defaulting to no-operation (NOP) logger implementation
SLF4J: See http://www.slf4j.org/codes.html#StaticLoggerBinder for further details.
Ara 12, 2025 9:58:02 ÖS org.openqa.selenium.devtools.CdpVersionFinder findNearestMatch
WARNING: Unable to find CDP implementation matching 143
Ara 12, 2025 9:58:02 ÖS org.openqa.selenium.chromium.ChromiumDriver lambda$new$5
WARNING: Unable to find version of CDP to use for 143.0.7499.110. You may need to include a dependency on a specific version of the CDP using something similar to `org.seleniumhq.selenium:selenium-devtools-v86:4.25.0` where the version ("v86") matches the version of the chromium-based browser you're using and the version number of the artifact is the same as Selenium's.
]]></system-err>
  </testcase>
</testsuite>